Arguments: 
  /usr/local/bin/node /usr/local/Cellar/yarn/1.22.5/libexec/bin/yarn.js

PATH: 
  /usr/local/bin:/usr/bin:/bin:/usr/sbin:/sbin:/Library/Frameworks/Mono.framework/Versions/Current/Commands

Yarn version: 
  1.22.5

Node version: 
  10.15.3

Platform: 
  darwin x64

Trace: 
  SyntaxError: /Users/andrey/animation/package.json: Unexpected token } in JSON at position 1227
      at JSON.parse (<anonymous>)
      at /usr/local/Cellar/yarn/1.22.5/libexec/lib/cli.js:1625:59
      at Generator.next (<anonymous>)
      at step (/usr/local/Cellar/yarn/1.22.5/libexec/lib/cli.js:310:30)
      at /usr/local/Cellar/yarn/1.22.5/libexec/lib/cli.js:321:13

npm manifest: 
  {
    "name": "animation",
    "version": "1.0.0",
    "main": "index.js",
    "license": "MIT",
    "scripts": {
      "test": "echo \"Error: no test specified\" && exit 1"
    },
    "devDependencies": {
      "@babel/core": "^7.4.3",
      "@babel/preset-env": "^7.4.3",
      "babel-preset-es2015": "^6.24.1",
      "babel-preset-react": "^6.24.1",
      "babelify": "^10.0.0",
      "browser-sync": "^2.26.7",
      "browserify": "^16.2.3",
      "bundle": "^2.1.0",
      "gulp": "^4.0.2",
      "gulp-autoprefixer": "^6.1.0",
      "gulp-babel": "^8.0.0",
      "gulp-browserify": "^0.5.1",
      "gulp-clean": "^0.4.0",
      "gulp-concat": "^2.6.1",
      "gulp-cssmin": "^0.2.0",
      "gulp-htmlmin": "^5.0.1",
      "gulp-imagemin": "^5.0.3",
      "gulp-sass": "^4.0.2",
      "gulp-uglify": "^3.0.2",
      "gulp-watch": "^5.0.1"
    },
    "dependencies": {
      "acorn": "^6.1.1",
      "gulp-sourcemaps": "^2.6.5",
      "gulp-uglify-es": "^2.0.0",
      "highcharts": "^7.1.2",
      "jquery": "^3.4.1",
      "jszip": "^3.2.1",
      "node-sass": "^4.13.1",
      "pdfmake": "^0.1.56",
      "react": "^16.11.0",
      "react-dom": "^16.11.0"
    },
    "browserslist": [
      ">0.2%",
      "not dead",
      "not op_mini all",
      "defaults",
      "ie 11"
    ],
    "keywords": [],
    "author": "",
  }

yarn manifest: 
  No manifest

Lockfile: 
  # THIS IS AN AUTOGENERATED FILE. DO NOT EDIT THIS FILE DIRECTLY.
  # yarn lockfile v1
